<?xml version="1.0" encoding="UTF-8"?>
<testsuite xmlns:xsi="http://www.w3.org/2001/XMLSchema-instance" xsi:noNamespaceSchemaLocation="https://maven.apache.org/surefire/maven-surefire-plugin/xsd/surefire-test-report.xsd" name="com.springboot.demo3.Demo3ApplicationTests" time="10.954" tests="1" errors="0" skipped="0" failures="0">
  <properties>
    <property name="sun.desktop" value="windows"/>
    <property name="awt.toolkit" value="sun.awt.windows.WToolkit"/>
    <property name="java.specification.version" value="11"/>
    <property name="sun.cpu.isalist" value="amd64"/>
    <property name="sun.jnu.encoding" value="GBK"/>
    <property name="java.class.path" value="F:\project\springboot-demo\demo3\target\test-classes;F:\project\springboot-demo\demo3\target\classes;D:\Maven\apache-maven-3.8.5\mvn_resp\org\springframework\boot\spring-boot-starter-web\2.7.5\spring-boot-starter-web-2.7.5.jar;D:\Maven\apache-maven-3.8.5\mvn_resp\org\springframework\boot\spring-boot-starter\2.7.5\spring-boot-starter-2.7.5.jar;D:\Maven\apache-maven-3.8.5\mvn_resp\org\springframework\boot\spring-boot\2.7.5\spring-boot-2.7.5.jar;D:\Maven\apache-maven-3.8.5\mvn_resp\org\springframework\boot\spring-boot-autoconfigure\2.7.5\spring-boot-autoconfigure-2.7.5.jar;D:\Maven\apache-maven-3.8.5\mvn_resp\org\springframework\boot\spring-boot-starter-logging\2.7.5\spring-boot-starter-logging-2.7.5.jar;D:\Maven\apache-maven-3.8.5\mvn_resp\ch\qos\logback\logback-classic\1.2.11\logback-classic-1.2.11.jar;D:\Maven\apache-maven-3.8.5\mvn_resp\ch\qos\logback\logback-core\1.2.11\logback-core-1.2.11.jar;D:\Maven\apache-maven-3.8.5\mvn_resp\org\apache\logging\log4j\log4j-to-slf4j\2.17.2\log4j-to-slf4j-2.17.2.jar;D:\Maven\apache-maven-3.8.5\mvn_resp\org\apache\logging\log4j\log4j-api\2.17.2\log4j-api-2.17.2.jar;D:\Maven\apache-maven-3.8.5\mvn_resp\org\slf4j\jul-to-slf4j\1.7.36\jul-to-slf4j-1.7.36.jar;D:\Maven\apache-maven-3.8.5\mvn_resp\jakarta\annotation\jakarta.annotation-api\1.3.5\jakarta.annotation-api-1.3.5.jar;D:\Maven\apache-maven-3.8.5\mvn_resp\org\yaml\snakeyaml\1.30\snakeyaml-1.30.jar;D:\Maven\apache-maven-3.8.5\mvn_resp\org\springframework\boot\spring-boot-starter-json\2.7.5\spring-boot-starter-json-2.7.5.jar;D:\Maven\apache-maven-3.8.5\mvn_resp\com\fasterxml\jackson\core\jackson-databind\2.13.4.2\jackson-databind-2.13.4.2.jar;D:\Maven\apache-maven-3.8.5\mvn_resp\com\fasterxml\jackson\core\jackson-annotations\2.13.4\jackson-annotations-2.13.4.jar;D:\Maven\apache-maven-3.8.5\mvn_resp\com\fasterxml\jackson\core\jackson-core\2.13.4\jackson-core-2.13.4.jar;D:\Maven\apache-maven-3.8.5\mvn_resp\com\fasterxml\jackson\datatype\jackson-datatype-jdk8\2.13.4\jackson-datatype-jdk8-2.13.4.jar;D:\Maven\apache-maven-3.8.5\mvn_resp\com\fasterxml\jackson\datatype\jackson-datatype-jsr310\2.13.4\jackson-datatype-jsr310-2.13.4.jar;D:\Maven\apache-maven-3.8.5\mvn_resp\com\fasterxml\jackson\module\jackson-module-parameter-names\2.13.4\jackson-module-parameter-names-2.13.4.jar;D:\Maven\apache-maven-3.8.5\mvn_resp\org\springframework\boot\spring-boot-starter-tomcat\2.7.5\spring-boot-starter-tomcat-2.7.5.jar;D:\Maven\apache-maven-3.8.5\mvn_resp\org\apache\tomcat\embed\tomcat-embed-core\9.0.68\tomcat-embed-core-9.0.68.jar;D:\Maven\apache-maven-3.8.5\mvn_resp\org\apache\tomcat\embed\tomcat-embed-el\9.0.68\tomcat-embed-el-9.0.68.jar;D:\Maven\apache-maven-3.8.5\mvn_resp\org\apache\tomcat\embed\tomcat-embed-websocket\9.0.68\tomcat-embed-websocket-9.0.68.jar;D:\Maven\apache-maven-3.8.5\mvn_resp\org\springframework\spring-web\5.3.23\spring-web-5.3.23.jar;D:\Maven\apache-maven-3.8.5\mvn_resp\org\springframework\spring-beans\5.3.23\spring-beans-5.3.23.jar;D:\Maven\apache-maven-3.8.5\mvn_resp\org\springframework\spring-webmvc\5.3.23\spring-webmvc-5.3.23.jar;D:\Maven\apache-maven-3.8.5\mvn_resp\org\springframework\spring-aop\5.3.23\spring-aop-5.3.23.jar;D:\Maven\apache-maven-3.8.5\mvn_resp\org\springframework\spring-context\5.3.23\spring-context-5.3.23.jar;D:\Maven\apache-maven-3.8.5\mvn_resp\org\springframework\spring-expression\5.3.23\spring-expression-5.3.23.jar;D:\Maven\apache-maven-3.8.5\mvn_resp\org\mybatis\spring\boot\mybatis-spring-boot-starter\2.3.1\mybatis-spring-boot-starter-2.3.1.jar;D:\Maven\apache-maven-3.8.5\mvn_resp\org\springframework\boot\spring-boot-starter-jdbc\2.7.5\spring-boot-starter-jdbc-2.7.5.jar;D:\Maven\apache-maven-3.8.5\mvn_resp\com\zaxxer\HikariCP\4.0.3\HikariCP-4.0.3.jar;D:\Maven\apache-maven-3.8.5\mvn_resp\org\springframework\spring-jdbc\5.3.23\spring-jdbc-5.3.23.jar;D:\Maven\apache-maven-3.8.5\mvn_resp\org\springframework\spring-tx\5.3.23\spring-tx-5.3.23.jar;D:\Maven\apache-maven-3.8.5\mvn_resp\org\mybatis\spring\boot\mybatis-spring-boot-autoconfigure\2.3.1\mybatis-spring-boot-autoconfigure-2.3.1.jar;D:\Maven\apache-maven-3.8.5\mvn_resp\org\mybatis\mybatis\3.5.13\mybatis-3.5.13.jar;D:\Maven\apache-maven-3.8.5\mvn_resp\org\mybatis\mybatis-spring\2.1.1\mybatis-spring-2.1.1.jar;D:\Maven\apache-maven-3.8.5\mvn_resp\com\mysql\mysql-connector-j\8.0.31\mysql-connector-j-8.0.31.jar;D:\Maven\apache-maven-3.8.5\mvn_resp\org\projectlombok\lombok\1.18.24\lombok-1.18.24.jar;D:\Maven\apache-maven-3.8.5\mvn_resp\org\springframework\boot\spring-boot-starter-test\2.7.5\spring-boot-starter-test-2.7.5.jar;D:\Maven\apache-maven-3.8.5\mvn_resp\org\springframework\boot\spring-boot-test\2.7.5\spring-boot-test-2.7.5.jar;D:\Maven\apache-maven-3.8.5\mvn_resp\org\springframework\boot\spring-boot-test-autoconfigure\2.7.5\spring-boot-test-autoconfigure-2.7.5.jar;D:\Maven\apache-maven-3.8.5\mvn_resp\com\jayway\jsonpath\json-path\2.7.0\json-path-2.7.0.jar;D:\Maven\apache-maven-3.8.5\mvn_resp\net\minidev\json-smart\2.4.8\json-smart-2.4.8.jar;D:\Maven\apache-maven-3.8.5\mvn_resp\net\minidev\accessors-smart\2.4.8\accessors-smart-2.4.8.jar;D:\Maven\apache-maven-3.8.5\mvn_resp\org\ow2\asm\asm\9.1\asm-9.1.jar;D:\Maven\apache-maven-3.8.5\mvn_resp\org\slf4j\slf4j-api\1.7.36\slf4j-api-1.7.36.jar;D:\Maven\apache-maven-3.8.5\mvn_resp\jakarta\xml\bind\jakarta.xml.bind-api\2.3.3\jakarta.xml.bind-api-2.3.3.jar;D:\Maven\apache-maven-3.8.5\mvn_resp\jakarta\activation\jakarta.activation-api\1.2.2\jakarta.activation-api-1.2.2.jar;D:\Maven\apache-maven-3.8.5\mvn_resp\org\assertj\assertj-core\3.22.0\assertj-core-3.22.0.jar;D:\Maven\apache-maven-3.8.5\mvn_resp\org\hamcrest\hamcrest\2.2\hamcrest-2.2.jar;D:\Maven\apache-maven-3.8.5\mvn_resp\org\junit\jupiter\junit-jupiter\5.8.2\junit-jupiter-5.8.2.jar;D:\Maven\apache-maven-3.8.5\mvn_resp\org\junit\jupiter\junit-jupiter-api\5.8.2\junit-jupiter-api-5.8.2.jar;D:\Maven\apache-maven-3.8.5\mvn_resp\org\opentest4j\opentest4j\1.2.0\opentest4j-1.2.0.jar;D:\Maven\apache-maven-3.8.5\mvn_resp\org\junit\platform\junit-platform-commons\1.8.2\junit-platform-commons-1.8.2.jar;D:\Maven\apache-maven-3.8.5\mvn_resp\org\apiguardian\apiguardian-api\1.1.2\apiguardian-api-1.1.2.jar;D:\Maven\apache-maven-3.8.5\mvn_resp\org\junit\jupiter\junit-jupiter-params\5.8.2\junit-jupiter-params-5.8.2.jar;D:\Maven\apache-maven-3.8.5\mvn_resp\org\junit\jupiter\junit-jupiter-engine\5.8.2\junit-jupiter-engine-5.8.2.jar;D:\Maven\apache-maven-3.8.5\mvn_resp\org\junit\platform\junit-platform-engine\1.8.2\junit-platform-engine-1.8.2.jar;D:\Maven\apache-maven-3.8.5\mvn_resp\org\mockito\mockito-core\4.5.1\mockito-core-4.5.1.jar;D:\Maven\apache-maven-3.8.5\mvn_resp\net\bytebuddy\byte-buddy\1.12.18\byte-buddy-1.12.18.jar;D:\Maven\apache-maven-3.8.5\mvn_resp\net\bytebuddy\byte-buddy-agent\1.12.18\byte-buddy-agent-1.12.18.jar;D:\Maven\apache-maven-3.8.5\mvn_resp\org\objenesis\objenesis\3.2\objenesis-3.2.jar;D:\Maven\apache-maven-3.8.5\mvn_resp\org\mockito\mockito-junit-jupiter\4.5.1\mockito-junit-jupiter-4.5.1.jar;D:\Maven\apache-maven-3.8.5\mvn_resp\org\skyscreamer\jsonassert\1.5.1\jsonassert-1.5.1.jar;D:\Maven\apache-maven-3.8.5\mvn_resp\com\vaadin\external\google\android-json\0.0.20131108.vaadin1\android-json-0.0.20131108.vaadin1.jar;D:\Maven\apache-maven-3.8.5\mvn_resp\org\springframework\spring-core\5.3.23\spring-core-5.3.23.jar;D:\Maven\apache-maven-3.8.5\mvn_resp\org\springframework\spring-jcl\5.3.23\spring-jcl-5.3.23.jar;D:\Maven\apache-maven-3.8.5\mvn_resp\org\springframework\spring-test\5.3.23\spring-test-5.3.23.jar;D:\Maven\apache-maven-3.8.5\mvn_resp\org\xmlunit\xmlunit-core\2.9.0\xmlunit-core-2.9.0.jar;"/>
    <property name="java.vm.vendor" value="Oracle Corporation"/>
    <property name="sun.arch.data.model" value="64"/>
    <property name="user.variant" value=""/>
    <property name="java.vendor.url" value="http://java.oracle.com/"/>
    <property name="user.timezone" value="Asia/Shanghai"/>
    <property name="java.vm.specification.version" value="11"/>
    <property name="os.name" value="Windows 10"/>
    <property name="sun.java.launcher" value="SUN_STANDARD"/>
    <property name="user.country" value="CN"/>
    <property name="sun.boot.library.path" value="E:\Produce\jdk11\bin"/>
    <property name="sun.java.command" value="C:\Users\ASUS\AppData\Local\Temp\surefire3369356562694180432\surefirebooter8960686305588379287.jar C:\Users\ASUS\AppData\Local\Temp\surefire3369356562694180432 2023-05-26T20-22-51_833-jvmRun1 surefire1962660016669664958tmp surefire_0220347501370878077tmp"/>
    <property name="jdk.debug" value="release"/>
    <property name="surefire.test.class.path" value="F:\project\springboot-demo\demo3\target\test-classes;F:\project\springboot-demo\demo3\target\classes;D:\Maven\apache-maven-3.8.5\mvn_resp\org\springframework\boot\spring-boot-starter-web\2.7.5\spring-boot-starter-web-2.7.5.jar;D:\Maven\apache-maven-3.8.5\mvn_resp\org\springframework\boot\spring-boot-starter\2.7.5\spring-boot-starter-2.7.5.jar;D:\Maven\apache-maven-3.8.5\mvn_resp\org\springframework\boot\spring-boot\2.7.5\spring-boot-2.7.5.jar;D:\Maven\apache-maven-3.8.5\mvn_resp\org\springframework\boot\spring-boot-autoconfigure\2.7.5\spring-boot-autoconfigure-2.7.5.jar;D:\Maven\apache-maven-3.8.5\mvn_resp\org\springframework\boot\spring-boot-starter-logging\2.7.5\spring-boot-starter-logging-2.7.5.jar;D:\Maven\apache-maven-3.8.5\mvn_resp\ch\qos\logback\logback-classic\1.2.11\logback-classic-1.2.11.jar;D:\Maven\apache-maven-3.8.5\mvn_resp\ch\qos\logback\logback-core\1.2.11\logback-core-1.2.11.jar;D:\Maven\apache-maven-3.8.5\mvn_resp\org\apache\logging\log4j\log4j-to-slf4j\2.17.2\log4j-to-slf4j-2.17.2.jar;D:\Maven\apache-maven-3.8.5\mvn_resp\org\apache\logging\log4j\log4j-api\2.17.2\log4j-api-2.17.2.jar;D:\Maven\apache-maven-3.8.5\mvn_resp\org\slf4j\jul-to-slf4j\1.7.36\jul-to-slf4j-1.7.36.jar;D:\Maven\apache-maven-3.8.5\mvn_resp\jakarta\annotation\jakarta.annotation-api\1.3.5\jakarta.annotation-api-1.3.5.jar;D:\Maven\apache-maven-3.8.5\mvn_resp\org\yaml\snakeyaml\1.30\snakeyaml-1.30.jar;D:\Maven\apache-maven-3.8.5\mvn_resp\org\springframework\boot\spring-boot-starter-json\2.7.5\spring-boot-starter-json-2.7.5.jar;D:\Maven\apache-maven-3.8.5\mvn_resp\com\fasterxml\jackson\core\jackson-databind\2.13.4.2\jackson-databind-2.13.4.2.jar;D:\Maven\apache-maven-3.8.5\mvn_resp\com\fasterxml\jackson\core\jackson-annotations\2.13.4\jackson-annotations-2.13.4.jar;D:\Maven\apache-maven-3.8.5\mvn_resp\com\fasterxml\jackson\core\jackson-core\2.13.4\jackson-core-2.13.4.jar;D:\Maven\apache-maven-3.8.5\mvn_resp\com\fasterxml\jackson\datatype\jackson-datatype-jdk8\2.13.4\jackson-datatype-jdk8-2.13.4.jar;D:\Maven\apache-maven-3.8.5\mvn_resp\com\fasterxml\jackson\datatype\jackson-datatype-jsr310\2.13.4\jackson-datatype-jsr310-2.13.4.jar;D:\Maven\apache-maven-3.8.5\mvn_resp\com\fasterxml\jackson\module\jackson-module-parameter-names\2.13.4\jackson-module-parameter-names-2.13.4.jar;D:\Maven\apache-maven-3.8.5\mvn_resp\org\springframework\boot\spring-boot-starter-tomcat\2.7.5\spring-boot-starter-tomcat-2.7.5.jar;D:\Maven\apache-maven-3.8.5\mvn_resp\org\apache\tomcat\embed\tomcat-embed-core\9.0.68\tomcat-embed-core-9.0.68.jar;D:\Maven\apache-maven-3.8.5\mvn_resp\org\apache\tomcat\embed\tomcat-embed-el\9.0.68\tomcat-embed-el-9.0.68.jar;D:\Maven\apache-maven-3.8.5\mvn_resp\org\apache\tomcat\embed\tomcat-embed-websocket\9.0.68\tomcat-embed-websocket-9.0.68.jar;D:\Maven\apache-maven-3.8.5\mvn_resp\org\springframework\spring-web\5.3.23\spring-web-5.3.23.jar;D:\Maven\apache-maven-3.8.5\mvn_resp\org\springframework\spring-beans\5.3.23\spring-beans-5.3.23.jar;D:\Maven\apache-maven-3.8.5\mvn_resp\org\springframework\spring-webmvc\5.3.23\spring-webmvc-5.3.23.jar;D:\Maven\apache-maven-3.8.5\mvn_resp\org\springframework\spring-aop\5.3.23\spring-aop-5.3.23.jar;D:\Maven\apache-maven-3.8.5\mvn_resp\org\springframework\spring-context\5.3.23\spring-context-5.3.23.jar;D:\Maven\apache-maven-3.8.5\mvn_resp\org\springframework\spring-expression\5.3.23\spring-expression-5.3.23.jar;D:\Maven\apache-maven-3.8.5\mvn_resp\org\mybatis\spring\boot\mybatis-spring-boot-starter\2.3.1\mybatis-spring-boot-starter-2.3.1.jar;D:\Maven\apache-maven-3.8.5\mvn_resp\org\springframework\boot\spring-boot-starter-jdbc\2.7.5\spring-boot-starter-jdbc-2.7.5.jar;D:\Maven\apache-maven-3.8.5\mvn_resp\com\zaxxer\HikariCP\4.0.3\HikariCP-4.0.3.jar;D:\Maven\apache-maven-3.8.5\mvn_resp\org\springframework\spring-jdbc\5.3.23\spring-jdbc-5.3.23.jar;D:\Maven\apache-maven-3.8.5\mvn_resp\org\springframework\spring-tx\5.3.23\spring-tx-5.3.23.jar;D:\Maven\apache-maven-3.8.5\mvn_resp\org\mybatis\spring\boot\mybatis-spring-boot-autoconfigure\2.3.1\mybatis-spring-boot-autoconfigure-2.3.1.jar;D:\Maven\apache-maven-3.8.5\mvn_resp\org\mybatis\mybatis\3.5.13\mybatis-3.5.13.jar;D:\Maven\apache-maven-3.8.5\mvn_resp\org\mybatis\mybatis-spring\2.1.1\mybatis-spring-2.1.1.jar;D:\Maven\apache-maven-3.8.5\mvn_resp\com\mysql\mysql-connector-j\8.0.31\mysql-connector-j-8.0.31.jar;D:\Maven\apache-maven-3.8.5\mvn_resp\org\projectlombok\lombok\1.18.24\lombok-1.18.24.jar;D:\Maven\apache-maven-3.8.5\mvn_resp\org\springframework\boot\spring-boot-starter-test\2.7.5\spring-boot-starter-test-2.7.5.jar;D:\Maven\apache-maven-3.8.5\mvn_resp\org\springframework\boot\spring-boot-test\2.7.5\spring-boot-test-2.7.5.jar;D:\Maven\apache-maven-3.8.5\mvn_resp\org\springframework\boot\spring-boot-test-autoconfigure\2.7.5\spring-boot-test-autoconfigure-2.7.5.jar;D:\Maven\apache-maven-3.8.5\mvn_resp\com\jayway\jsonpath\json-path\2.7.0\json-path-2.7.0.jar;D:\Maven\apache-maven-3.8.5\mvn_resp\net\minidev\json-smart\2.4.8\json-smart-2.4.8.jar;D:\Maven\apache-maven-3.8.5\mvn_resp\net\minidev\accessors-smart\2.4.8\accessors-smart-2.4.8.jar;D:\Maven\apache-maven-3.8.5\mvn_resp\org\ow2\asm\asm\9.1\asm-9.1.jar;D:\Maven\apache-maven-3.8.5\mvn_resp\org\slf4j\slf4j-api\1.7.36\slf4j-api-1.7.36.jar;D:\Maven\apache-maven-3.8.5\mvn_resp\jakarta\xml\bind\jakarta.xml.bind-api\2.3.3\jakarta.xml.bind-api-2.3.3.jar;D:\Maven\apache-maven-3.8.5\mvn_resp\jakarta\activation\jakarta.activation-api\1.2.2\jakarta.activation-api-1.2.2.jar;D:\Maven\apache-maven-3.8.5\mvn_resp\org\assertj\assertj-core\3.22.0\assertj-core-3.22.0.jar;D:\Maven\apache-maven-3.8.5\mvn_resp\org\hamcrest\hamcrest\2.2\hamcrest-2.2.jar;D:\Maven\apache-maven-3.8.5\mvn_resp\org\junit\jupiter\junit-jupiter\5.8.2\junit-jupiter-5.8.2.jar;D:\Maven\apache-maven-3.8.5\mvn_resp\org\junit\jupiter\junit-jupiter-api\5.8.2\junit-jupiter-api-5.8.2.jar;D:\Maven\apache-maven-3.8.5\mvn_resp\org\opentest4j\opentest4j\1.2.0\opentest4j-1.2.0.jar;D:\Maven\apache-maven-3.8.5\mvn_resp\org\junit\platform\junit-platform-commons\1.8.2\junit-platform-commons-1.8.2.jar;D:\Maven\apache-maven-3.8.5\mvn_resp\org\apiguardian\apiguardian-api\1.1.2\apiguardian-api-1.1.2.jar;D:\Maven\apache-maven-3.8.5\mvn_resp\org\junit\jupiter\junit-jupiter-params\5.8.2\junit-jupiter-params-5.8.2.jar;D:\Maven\apache-maven-3.8.5\mvn_resp\org\junit\jupiter\junit-jupiter-engine\5.8.2\junit-jupiter-engine-5.8.2.jar;D:\Maven\apache-maven-3.8.5\mvn_resp\org\junit\platform\junit-platform-engine\1.8.2\junit-platform-engine-1.8.2.jar;D:\Maven\apache-maven-3.8.5\mvn_resp\org\mockito\mockito-core\4.5.1\mockito-core-4.5.1.jar;D:\Maven\apache-maven-3.8.5\mvn_resp\net\bytebuddy\byte-buddy\1.12.18\byte-buddy-1.12.18.jar;D:\Maven\apache-maven-3.8.5\mvn_resp\net\bytebuddy\byte-buddy-agent\1.12.18\byte-buddy-agent-1.12.18.jar;D:\Maven\apache-maven-3.8.5\mvn_resp\org\objenesis\objenesis\3.2\objenesis-3.2.jar;D:\Maven\apache-maven-3.8.5\mvn_resp\org\mockito\mockito-junit-jupiter\4.5.1\mockito-junit-jupiter-4.5.1.jar;D:\Maven\apache-maven-3.8.5\mvn_resp\org\skyscreamer\jsonassert\1.5.1\jsonassert-1.5.1.jar;D:\Maven\apache-maven-3.8.5\mvn_resp\com\vaadin\external\google\android-json\0.0.20131108.vaadin1\android-json-0.0.20131108.vaadin1.jar;D:\Maven\apache-maven-3.8.5\mvn_resp\org\springframework\spring-core\5.3.23\spring-core-5.3.23.jar;D:\Maven\apache-maven-3.8.5\mvn_resp\org\springframework\spring-jcl\5.3.23\spring-jcl-5.3.23.jar;D:\Maven\apache-maven-3.8.5\mvn_resp\org\springframework\spring-test\5.3.23\spring-test-5.3.23.jar;D:\Maven\apache-maven-3.8.5\mvn_resp\org\xmlunit\xmlunit-core\2.9.0\xmlunit-core-2.9.0.jar;"/>
    <property name="sun.cpu.endian" value="little"/>
    <property name="user.home" value="C:\Users\ASUS"/>
    <property name="user.language" value="zh"/>
    <property name="java.specification.vendor" value="Oracle Corporation"/>
    <property name="java.version.date" value="2018-09-25"/>
    <property name="java.home" value="E:\Produce\jdk11"/>
    <property name="file.separator" value="\"/>
    <property name="basedir" value="F:\project\springboot-demo\demo3"/>
    <property name="java.vm.compressedOopsMode" value="Zero based"/>
    <property name="line.separator" value="&#10;"/>
    <property name="java.specification.name" value="Java Platform API Specification"/>
    <property name="java.vm.specification.vendor" value="Oracle Corporation"/>
    <property name="java.awt.graphicsenv" value="sun.awt.Win32GraphicsEnvironment"/>
    <property name="surefire.real.class.path" value="C:\Users\ASUS\AppData\Local\Temp\surefire3369356562694180432\surefirebooter8960686305588379287.jar"/>
    <property name="user.script" value=""/>
    <property name="sun.management.compiler" value="HotSpot 64-Bit Tiered Compilers"/>
    <property name="java.runtime.version" value="11+28"/>
    <property name="user.name" value="肖"/>
    <property name="path.separator" value=";"/>
    <property name="os.version" value="10.0"/>
    <property name="java.runtime.name" value="Java(TM) SE Runtime Environment"/>
    <property name="file.encoding" value="GBK"/>
    <property name="java.vm.name" value="Java HotSpot(TM) 64-Bit Server VM"/>
    <property name="java.vendor.version" value="18.9"/>
    <property name="localRepository" value="D:\Maven\apache-maven-3.8.5\mvn_resp"/>
    <property name="java.vendor.url.bug" value="http://bugreport.java.com/bugreport/"/>
    <property name="java.io.tmpdir" value="C:\Users\ASUS\AppData\Local\Temp\"/>
    <property name="idea.version" value="2022.2.3"/>
    <property name="java.version" value="11"/>
    <property name="user.dir" value="F:\project\springboot-demo\demo3"/>
    <property name="os.arch" value="amd64"/>
    <property name="java.vm.specification.name" value="Java Virtual Machine Specification"/>
    <property name="java.awt.printerjob" value="sun.awt.windows.WPrinterJob"/>
    <property name="sun.os.patch.level" value=""/>
    <property name="java.library.path" value="E:\Produce\jdk11\bin;C:\Windows\Sun\Java\bin;C:\Windows\system32;C:\Windows;C:\Python311\Scripts\;C:\Python311\;C:\Program Files (x86)\Intel\iCLS Client\;C:\Program Files\Intel\iCLS Client\;C:\Windows\system32;C:\Windows;C:\Windows\System32\Wbem;C:\Windows\System32\WindowsPowerShell\v1.0\;C:\Windows\System32\OpenSSH\;C:\Program Files (x86)\NVIDIA Corporation\PhysX\Common;C:\Program Files (x86)\Intel\Intel(R) Management Engine Components\DAL;C:\Program Files\Intel\Intel(R) Management Engine Components\DAL;C:\Program Files (x86)\Intel\Intel(R) Management Engine Components\IPT;C:\Program Files\Intel\Intel(R) Management Engine Components\IPT;C:\Windows\system32;C:\Windows;C:\Windows\System32\Wbem;C:\Windows\System32\WindowsPowerShell\v1.0\;C:\Windows\System32\OpenSSH\;C:\Program Files\MySQL\MySQL Server 8.0\bin;E:\Produce\jdk11\bin;E:\Produce\jdk11\jre\bin;E:\Produce\Maven\apache-maven-3.8.5\bin;C:\Program Files\Git\cmd;E:\Software\DataGrip 2021.2.2\bin\bin;C:\Users\ASUS\AppData\Local\Android\Sdk\tools;C:\Users\ASUS\AppData\Local\Android\Sdk\platform-tools;D:\Android\gradle-7.5.1\bin;C:\ProgramData\chocolatey\bin;C:\Program Files\nodejs;C:\Program Files\nodejs\node_cache;C:\Program Files\nodejs\node_global;C:\Program Files\nodejs\;F:\BigSoftware\WebStorm\WebStorm 2022.2.3\bin;E:\software\Bandizip\;G:\software\Bandizip\;C:\Program Files\MySQL\MySQL Shell 8.0\bin\;C:\Users\ASUS\AppData\Local\Microsoft\WindowsApps;F:\BigSoftware\DataGrip 2021.2.2;\bin;F:\procedure\jdk11\bin;C:\Users\ASUS\AppData\Roaming\npm;F:\procedure\jdk11\jre\bin;D:\Program Files (x86)\Microsoft VS Code\bin;D:\Maven\apache-maven-3.8.5\bin;F:\BigSoftware\WebStorm\WebStorm 2022.2.3\bin;;;."/>
    <property name="java.vendor" value="Oracle Corporation"/>
    <property name="java.vm.info" value="mixed mode"/>
    <property name="java.vm.version" value="11+28"/>
    <property name="sun.io.unicode.encoding" value="UnicodeLittle"/>
    <property name="maven.repo.local" value="D:\Maven\apache-maven-3.8.5\mvn_resp"/>
    <property name="java.class.version" value="55.0"/>
  </properties>
  <testcase name="contextLoads" classname="com.springboot.demo3.Demo3ApplicationTests" time="1.393"/>
</testsuite>